<?xml version="1.0" encoding="UTF-8"?>
<testng-results ignored="0" total="1" passed="0" failed="1" skipped="0">
  <reporter-output>
  </reporter-output>
  <suite started-at="2023-05-28T21:11:56Z" name="Default suite" finished-at="2023-05-28T21:12:07Z" duration-ms="10345">
    <groups>
    </groups>
    <test started-at="2023-05-28T21:11:56Z" name="Default test" finished-at="2023-05-28T21:12:07Z" duration-ms="10345">
      <class name="suitea.TriedCode">
        <test-method is-config="true" signature="init(org.testng.ITestContext, org.testng.ITestResult)[pri:0, instance:suitea.TriedCode@5f354bcf]" started-at="2023-05-28T21:11:56Z" name="init" finished-at="2023-05-28T21:11:57Z" duration-ms="216" status="PASS">
          <params>
            <param index="0">
              <value>
                <![CDATA[org.testng.TestRunner@4ecd00b5]]>
              </value>
            </param>
            <param index="1">
              <value>
                <![CDATA[[TestResult name=appointmentTest status=FAILURE method=TriedCode.appointmentTest()[pri:0, instance:suitea.TriedCode@5f354bcf] output={null}]]]>
              </value>
            </param>
          </params>
          <reporter-output>
          </reporter-output>
        </test-method> <!-- init -->
        <test-method signature="appointmentTest()[pri:0, instance:suitea.TriedCode@5f354bcf]" started-at="2023-05-28T21:11:57Z" name="appointmentTest" finished-at="2023-05-28T21:12:06Z" duration-ms="9128" status="FAIL">
          <exception class="java.lang.IllegalArgumentException">
            <message>
              <![CDATA[Cannot find elements when the class name expression is null.]]>
            </message>
            <full-stacktrace>
              <![CDATA[java.lang.IllegalArgumentException: Cannot find elements when the class name expression is null.
at org.openqa.selenium.internal.Require$ArgumentChecker.nonNull(Require.java:207)
at org.openqa.selenium.By$ByClassName.<init>(By.java:306)
at org.openqa.selenium.By.className(By.java:100)
at suitea.TriedCode.appointmentTest(TriedCode.java:60)
at java.base/jdk.internal.reflect.NativeMethodAccessorImpl.invoke0(Native Method)
at java.base/jdk.internal.reflect.NativeMethodAccessorImpl.invoke(NativeMethodAccessorImpl.java:77)
at java.base/jdk.internal.reflect.DelegatingMethodAccessorImpl.invoke(DelegatingMethodAccessorImpl.java:43)
at java.base/java.lang.reflect.Method.invoke(Method.java:568)
at org.testng.internal.MethodInvocationHelper.invokeMethod(MethodInvocationHelper.java:124)
at org.testng.internal.Invoker.invokeMethod(Invoker.java:583)
at org.testng.internal.Invoker.invokeTestMethod(Invoker.java:719)
at org.testng.internal.Invoker.invokeTestMethods(Invoker.java:989)
at org.testng.internal.TestMethodWorker.invokeTestMethods(TestMethodWorker.java:125)
at org.testng.internal.TestMethodWorker.run(TestMethodWorker.java:109)
at org.testng.TestRunner.privateRun(TestRunner.java:648)
at org.testng.TestRunner.run(TestRunner.java:505)
at org.testng.SuiteRunner.runTest(SuiteRunner.java:455)
at org.testng.SuiteRunner.runSequentially(SuiteRunner.java:450)
at org.testng.SuiteRunner.privateRun(SuiteRunner.java:415)
at org.testng.SuiteRunner.run(SuiteRunner.java:364)
at org.testng.SuiteRunnerWorker.runSuite(SuiteRunnerWorker.java:52)
at org.testng.SuiteRunnerWorker.run(SuiteRunnerWorker.java:84)
at org.testng.TestNG.runSuitesSequentially(TestNG.java:1208)
at org.testng.TestNG.runSuitesLocally(TestNG.java:1137)
at org.testng.TestNG.runSuites(TestNG.java:1049)
at org.testng.TestNG.run(TestNG.java:1017)
at org.testng.remote.AbstractRemoteTestNG.run(AbstractRemoteTestNG.java:115)
at org.testng.remote.RemoteTestNG.initAndRun(RemoteTestNG.java:251)
at org.testng.remote.RemoteTestNG.main(RemoteTestNG.java:77)
]]>
            </full-stacktrace>
          </exception> <!-- java.lang.IllegalArgumentException -->
          <reporter-output>
          </reporter-output>
        </test-method> <!-- appointmentTest -->
        <test-method is-config="true" signature="quit()[pri:0, instance:suitea.TriedCode@5f354bcf]" started-at="2023-05-28T21:12:06Z" name="quit" finished-at="2023-05-28T21:12:07Z" duration-ms="977" status="PASS">
          <reporter-output>
          </reporter-output>
        </test-method> <!-- quit -->
      </class> <!-- suitea.TriedCode -->
    </test> <!-- Default test -->
  </suite> <!-- Default suite -->
</testng-results>
